<?xml version="1.0" encoding="UTF-8"?>
<!-- Generated by org.testng.reporters.JUnitXMLReporter -->
<testsuite ignored="0" hostname="Lenovo-PC" failures="0" tests="3" name="Smoky" time="21.402" errors="0" timestamp="2024-04-21T23:59:02 MESZ">
  <testcase classname="com.herokuapp.tests.JSAlertsTests" name="JSAConfirm" time="0.803"/>
  <testcase classname="com.herokuapp.tests.JSAlertsTests" name="JSAlert" time="0.26"/>
  <testcase classname="com.herokuapp.tests.JSAlertsTests" name="JSPromt" time="0.418"/>
</testsuite> <!-- Smoky -->
